<?xml version="1.0" encoding="UTF-8"?>
<!-- Generated by org.testng.reporters.JUnitReportReporter -->
<testsuite hostname="Srinivas" name="mavenforjenkins.UITest" tests="1" failures="0" timestamp="19 Oct 2021 06:32:53 GMT" time="9.866" errors="0">
  <testcase name="startBrowser" time="9.866" classname="mavenforjenkins.UITest"/>
</testsuite> <!-- mavenforjenkins.UITest -->
